0 info it worked if it ends with ok
1 verbose cli [ '/usr/bin/node', '/usr/bin/npm', '-g', 'remove', 'forever' ]
2 info using npm@1.4.28
3 info using node@v0.10.33
4 verbose node symlink /usr/bin/node
5 verbose lib/node_modules/forever unbuild
6 info preuninstall forever@0.14.1
7 info uninstall forever@0.14.1
8 verbose true,/usr/lib/node_modules,/usr/lib/node_modules unbuild forever@0.14.1
9 verbose /usr/bin,[object Object] binRoot
10 error Error: EACCES, unlink '/usr/bin/forever'
10 error  { [Error: EACCES, unlink '/usr/bin/forever'] errno: 3, code: 'EACCES', path: '/usr/bin/forever' }
11 error Please try running this command again as root/Administrator.
12 error System Linux 3.2.0-24-virtual
13 error command "/usr/bin/node" "/usr/bin/npm" "-g" "remove" "forever"
14 error cwd /home/brittany/www/hypergirly.com/ghost
15 error node -v v0.10.33
16 error npm -v 1.4.28
17 error path /usr/bin/forever
18 error code EACCES
19 error errno 3
20 error stack Error: EACCES, unlink '/usr/bin/forever'
21 verbose exit [ 3, true ]
